rabbit/proguard-project.txt
-optimizationpasses 5                          
-dontusemixedcaseclassnames                    
-dontskipnonpubliclibraryclasses             
-dontpreverify        
-verbose                                  
-optimizations !code/simplification/arithmetic,!field/*,!class/merging/*       

-libraryjars libs/android-support-v4.jar
-libraryjars libs/BaiduLBS_Android.jar
-libraryjars libs/armeabi/libapp_BaiduNaviApplib_v1_0_0.so
-libraryjars libs/armeabi/libBaiduMapSDK_v3_2_0_15.so
-libraryjars libs/armeabi/liblocnaviSDK.so
-libraryjars libs/armeabi/liblocSDK5.so


-keep public class * extends android.app.Activity                        
-keep public class * extends android.app.Application
-keep public class * extends android.app.Service
-keep public class * extends android.content.BroadcastReceiver
-keep public class * extends android.content.ContentProvider
-keep public class * extends android.app.backup.BackupAgentHelper
-keep public class * extends android.preference.Preference
-keep public class com.android.vending.licensing.ILicensingService

-dontwarn android.support.v4.**
-dontwarn com.baidu.**
-dontwarn android.annotation




-keepclasseswithmembernames class * {         
    native <methods>;
}

-keepclasseswithmembers class * {
    public <init>(android.content.Context, android.util.AttributeSet);           
}

-keepclasseswithmembers class * {
    public <init>(android.content.Context, android.util.AttributeSet, int);
}

-keepclassmembers class * extends android.app.Activity {
   public void *(android.view.View);
}
-keepclassmembers enum * {                               
    public static **[] values();
    public static ** valueOf(java.lang.String);
}

-keep class * implements android.os.Parcelable {             
  public static final android.os.Parcelable$Creator *;
}

-keepclassmembers class * {
   public <init>(org.json.JSONObject);
}

-keep class android.support.v4.**{*;}
-keepattributes *Annotation*