rabbit/proguard/seeds.txt
com.rabbit.app.LoginActivity
com.rabbit.app.LoginActivity: LoginActivity()
com.rabbit.app.LoginActivity: void onClick(android.view.View)
com.rabbit.app.MainActivity
com.rabbit.app.MainActivity: MainActivity()
com.rabbit.app.MainActivity: void onClick(android.view.View)
com.rabbit.app.MainActivity: void tabClick(android.view.View)
com.rabbit.app.RabbitApplication
com.rabbit.app.RabbitApplication: RabbitApplication()
com.rabbit.app.RegisterActivity
com.rabbit.app.RegisterActivity: RegisterActivity()
com.rabbit.app.RegisterActivity: void onClick(android.view.View)
com.rabbit.app.RegisterConfirmActivity
com.rabbit.app.RegisterConfirmActivity: RegisterConfirmActivity()
com.rabbit.app.RegisterConfirmActivity: void onClick(android.view.View)
com.rabbit.app.WelcomeActivity
com.rabbit.app.WelcomeActivity: WelcomeActivity()
com.rabbit.app.view.SlideMenu
com.rabbit.app.view.SlideMenu: SlideMenu(android.content.Context,android.util.AttributeSet)
...
com.baidu.navi.location.aa
com.baidu.navi.location.av$a
com.baidu.navi.location.az$c
com.baidu.navi.location.f
com.baidu.navi.location.k$a
com.baidu.navi.location.y$b
com.baidu.navisdk.BNaviPoint$CoordinateType: com.baidu.navisdk.BNaviPoint$CoordinateType[] values()
com.baidu.navisdk.BNaviPoint$CoordinateType: com.baidu.navisdk.BNaviPoint$CoordinateType valueOf(java.lang.String)
com.baidu.navisdk.BaiduNaviManager$INIT_STATUS: com.baidu.navisdk.BaiduNaviManager$INIT_STATUS[] values()
com.baidu.navisdk.BaiduNaviManager$INIT_STATUS: com.baidu.navisdk.BaiduNaviManager$INIT_STATUS valueOf(java.lang.String)
com.baidu.navisdk.CommonParams$NaviStatus: com.baidu.navisdk.CommonParams$NaviStatus[] values()
com.baidu.navisdk.CommonParams$NaviStatus: com.baidu.navisdk.CommonParams$NaviStatus valueOf(java.lang.String)
com.baidu.navisdk.jni.nativeif.JNIGuidanceControl
com.baidu.navisdk.jni.nativeif.JNIGuidanceControl: boolean SetStartPos(int,int,int)
com.baidu.navisdk.jni.nativeif.JNIGuidanceControl: boolean SetDestsPos(int,java.util.ArrayList)
com.baidu.navisdk.jni.nativeif.JNIGuidanceControl: boolean SetDestsPosNav(int,java.util.ArrayList)
com.baidu.navisdk.jni.nativeif.JNIGuidanceControl: boolean GetDestsRemained(int,int[])
com.baidu.navisdk.jni.nativeif.JNIGuidanceControl: int CalcRoute(int,int,boolean,com.baidu.navisdk.model.datastruct.RoutePlanTime)
com.baidu.navisdk.jni.nativeif.JNIGuidanceControl: boolean SelectRoute(int,int)
com.baidu.navisdk.jni.nativeif.JNIGuidanceControl: boolean SetLocateMode(int,int)
com.baidu.navisdk.jni.nativeif.JNIGuidanceControl: int GetLocateMode(int)
com.baidu.navisdk.jni.nativeif.JNIGuidanceControl: boolean RefreshRoute(int)
com.baidu.navisdk.jni.nativeif.JNIGuidanceControl: boolean StartRouteGuide(int)
com.baidu.navisdk.jni.nativeif.JNIGuidanceControl: boolean StopRouteGuide(int)
com.baidu.navisdk.jni.nativeif.JNIGuidanceControl: boolean PauseRouteGuide(int)
com.baidu.navisdk.jni.nativeif.JNIGuidanceControl: boolean ResumeRouteGuide(int)
com.baidu.navisdk.jni.nativeif.JNIGuidanceControl: boolean SetBrowseStatus(int,boolean)
com.baidu.navisdk.jni.nativeif.JNIGuidanceControl: boolean IsBrowseStatus(int)
com.baidu.navisdk.jni.nativeif.JNIGuidanceControl: boolean SetGuidanceSpeed(int,int)
com.baidu.navisdk.jni.nativeif.JNINaviManager
com.baidu.navisdk.jni.nativeif.JNINaviManager: int initNaviManager(java.lang.Object,int[])
com.baidu.navisdk.jni.nativeif.JNINaviManager: int uninitNaviManager(int)
com.baidu.navisdk.jni.nativeif.JNINaviManager: int getSubSysHandle(int,int,int[])
com.baidu.navisdk.jni.nativeif.JNINaviManager: int reloadNaviManager(int,java.lang.String)
com.baidu.navisdk.jni.nativeif.JNINaviManager: int reInitSearchEngine(int,java.lang.Object)
com.baidu.navisdk.jni.nativeif.JNINaviManager: void initNaviStatistics(int)
com.baidu.navisdk.jni.nativeif.JNINaviManager: void uninitNaviStatistics()
com.baidu.navisdk.jni.nativeif.JNINaviManager: int initBaseManager(java.lang.Object,int[])
com.baidu.navisdk.jni.nativeif.JNINaviManager: void uninitBaseManager(int)
com.baidu.navisdk.jni.nativeif.JNINaviManager: int initGuidanceManager(java.lang.Object,int[])
com.baidu.navisdk.jni.nativeif.JNINaviManager: void uninitGuidanceManager(int)