rabbit/proguard/mapping.txt
com.rabbit.app.LoginActivity -> com.rabbit.app.LoginActivity:
    android.widget.Button btn_login_regist -> a
    android.widget.Button btn_login -> b
    boolean isShowMenu -> c
    android.widget.EditText et_qqNum -> d
    android.widget.EditText et_qqPwd -> e
    void onCreate(android.os.Bundle) -> onCreate
    void onClick(android.view.View) -> onClick
    boolean onCreateOptionsMenu(android.view.Menu) -> onCreateOptionsMenu
    boolean onOptionsItemSelected(android.view.MenuItem) -> onOptionsItemSelected
com.rabbit.app.MainActivity -> com.rabbit.app.MainActivity:
    com.rabbit.app.view.SlideMenu slideMenu -> k
    com.baidu.location.LocationClient mLocClient -> a
    com.baidu.mapapi.search.geocode.GeoCoder mSearch -> b
    com.baidu.mapapi.map.BaiduMap mBaiduMap -> c
    com.baidu.mapapi.map.MapView mMapView -> d
    com.rabbit.app.MainActivity$MyLocationListenner myListener -> e
    boolean isFirstLoc -> f
    com.baidu.mapapi.map.Marker mMarkerA -> l
    com.baidu.mapapi.map.Marker mMarkerB -> m
    com.baidu.mapapi.map.Marker mMarkerC -> n
    com.baidu.mapapi.map.Marker mMarkerD -> o
    com.baidu.mapapi.map.BitmapDescriptor bdA -> g
    com.baidu.mapapi.map.BitmapDescriptor bdB -> h
    com.baidu.mapapi.map.BitmapDescriptor bdC -> i
    com.baidu.mapapi.map.BitmapDescriptor bdD -> j
    void onCreate(android.os.Bundle) -> onCreate
    void onClick(android.view.View) -> onClick
    void tabClick(android.view.View) -> tabClick
    void onRestoreInstanceState(android.os.Bundle) -> onRestoreInstanceState
    void onRestart() -> onRestart
    void onStart() -> onStart
    void onSaveInstanceState(android.os.Bundle) -> onSaveInstanceState
    void onStop() -> onStop
    void onPause() -> onPause
    void onResume() -> onResume
    void onDestroy() -> onDestroy
    void onConfigurationChanged(android.content.res.Configuration) -> onConfigurationChanged
com.rabbit.app.MainActivity$MyLocationListenner -> com.rabbit.app.a:
    com.rabbit.app.MainActivity this$0 -> a
    void onReceiveLocation(com.baidu.location.BDLocation) -> a
com.rabbit.app.RabbitApplication -> com.rabbit.app.RabbitApplication:
    void onCreate() -> onCreate
com.rabbit.app.RegisterActivity -> com.rabbit.app.RegisterActivity:
    android.widget.TextView tv_QQ_Server -> a
    android.widget.TextView tv_region_modify -> b
    android.widget.TextView tv_region_show -> c
    android.widget.TextView tv_top_title -> d
    android.widget.Button btn_title_left -> e
    android.widget.Button btn_title_right -> f
    android.widget.Button btn_send_code -> g
    android.widget.CheckBox chk_agree -> h
    android.widget.EditText et_mobileNo -> i
    void onCreate(android.os.Bundle) -> onCreate
    android.app.Dialog onCreateDialog(int,android.os.Bundle) -> onCreateDialog
    void onClick(android.view.View) -> onClick
    android.widget.TextView access$0(com.rabbit.app.RegisterActivity) -> a
com.rabbit.app.RegisterActivity$1 -> com.rabbit.app.b:
    com.rabbit.app.RegisterActivity this$0 -> a
    void onClick(android.content.DialogInterface,int) -> onClick
com.rabbit.app.RegisterConfirmActivity -> com.rabbit.app.RegisterConfirmActivity:
    android.widget.Button btn_reg_reget -> a
    android.widget.Button btn_title_left -> b
    android.widget.Button btn_title_right -> c
    android.widget.TextView tv_reg_reget -> d
    android.widget.TextView tv_top_title -> e
    com.rabbit.app.RegisterConfirmActivity$MyCount mc -> f
    void onCreate(android.os.Bundle) -> onCreate
    void onClick(android.view.View) -> onClick
    android.widget.TextView access$0(com.rabbit.app.RegisterConfirmActivity) -> a
    android.widget.Button access$1(com.rabbit.app.RegisterConfirmActivity) -> b
com.rabbit.app.RegisterConfirmActivity$MyCount -> com.rabbit.app.c:
    com.rabbit.app.RegisterConfirmActivity this$0 -> a
    void onTick(long) -> onTick
    void onFinish() -> onFinish
...
com.baidu.mapapi.map.MapStatusUpdate -> com.baidu.mapapi.map.w:
    java.lang.String l -> l
    int a -> a
    com.baidu.mapapi.map.MapStatus b -> b
    com.baidu.mapapi.model.LatLng c -> c
    com.baidu.mapapi.model.LatLngBounds d -> d
    int e -> e
    int f -> f
    float g -> g
    int h -> h
    int i -> i
    float j -> j
    android.graphics.Point k -> k
    com.baidu.mapapi.map.MapStatus a(com.baidu.platform.comapi.map.f,com.baidu.mapapi.map.MapStatus) -> a
com.baidu.mapapi.map.MapStatusUpdateFactory -> com.baidu.mapapi.map.x:
    com.baidu.mapapi.map.MapStatusUpdate newMapStatus(com.baidu.mapapi.map.MapStatus) -> a
    com.baidu.mapapi.map.MapStatusUpdate newLatLng(com.baidu.mapapi.model.LatLng) -> a
    com.baidu.mapapi.map.MapStatusUpdate zoomTo$43aa965b() -> a
com.baidu.mapapi.map.MapView -> com.baidu.mapapi.map.MapView:
    java.lang.String a -> a
    com.baidu.platform.comapi.map.f b -> b
    com.baidu.mapapi.map.BaiduMap c -> c
    android.widget.ImageView d -> d
    android.graphics.Bitmap e -> e
    android.widget.ZoomControls f -> f
    android.graphics.Point g -> g
    android.graphics.Point h -> h
    android.widget.RelativeLayout i -> i
    android.widget.TextView j -> j
    android.widget.TextView k -> k
    android.widget.ImageView l -> l
    android.util.SparseArray m -> m
    float n -> n
    com.baidu.platform.comapi.map.h o -> o
    void a(android.content.Context,com.baidu.mapapi.map.BaiduMapOptions) -> a
    com.baidu.mapapi.map.BaiduMap getMap() -> a
    void onDestroy() -> b
    void onPause() -> c
    void onResume() -> d
    void addView(android.view.View,android.view.ViewGroup$LayoutParams) -> addView
    void removeView(android.view.View) -> removeView
    void onLayout(boolean,int,int,int,int) -> onLayout
    void a(android.view.View) -> a
    com.baidu.platform.comapi.map.f a(com.baidu.mapapi.map.MapView) -> a
    float b(com.baidu.mapapi.map.MapView) -> b
    android.util.SparseArray a() -> e
    android.widget.ImageView c(com.baidu.mapapi.map.MapView) -> c
    android.widget.TextView d(com.baidu.mapapi.map.MapView) -> d
    android.widget.TextView e(com.baidu.mapapi.map.MapView) -> e
    float a(com.baidu.mapapi.map.MapView,float) -> a
com.baidu.mapapi.map.MapViewLayoutParams -> com.baidu.mapapi.map.y:
    com.baidu.mapapi.model.LatLng a -> a
    android.graphics.Point b -> b
    com.baidu.mapapi.map.MapViewLayoutParams$ELayoutMode c -> c
    float d -> d
    float e -> e
    int f -> f
com.baidu.mapapi.map.MapViewLayoutParams$ELayoutMode -> com.baidu.mapapi.map.z:
    com.baidu.mapapi.map.MapViewLayoutParams$ELayoutMode mapMode -> a
    com.baidu.mapapi.map.MapViewLayoutParams$ELayoutMode absoluteMode -> b
    com.baidu.mapapi.map.MapViewLayoutParams$ELayoutMode[] $VALUES -> c
    com.baidu.mapapi.map.MapViewLayoutParams$ELayoutMode[] values() -> values
    com.baidu.mapapi.map.MapViewLayoutParams$ELayoutMode valueOf(java.lang.String) -> valueOf
com.baidu.mapapi.map.Marker -> com.baidu.mapapi.map.aa:
    com.baidu.mapapi.model.LatLng a -> a
    com.baidu.mapapi.map.BitmapDescriptor b -> b
    float c -> c
    float d -> d
    boolean e -> e
    boolean f -> f
    float g -> g
    java.lang.String h -> h
    int i -> i
    void setPosition(com.baidu.mapapi.model.LatLng) -> a
    android.os.Bundle a(android.os.Bundle) -> a