rabbit/proguard/usage.txt
com.rabbit.app.BuildConfig
com.rabbit.app.LoginActivity:
    public static final int MENU_PWD_BACK
    public static final int MENU_HELP
    public static final int MENU_EXIT
com.rabbit.app.MainActivity:
    com.baidu.mapapi.map.SupportMapFragment map
    168:182:public void onGetGeoCodeResult(com.baidu.mapapi.search.geocode.GeoCodeResult)
    186:200:public void onGetReverseGeoCodeResult(com.baidu.mapapi.search.geocode.ReverseGeoCodeResult)
com.rabbit.app.MainActivity$MyLocationListenner:
    229:229:public void onReceivePoi(com.baidu.location.BDLocation)
com.rabbit.app.Manifest
com.rabbit.app.Manifest$permission
com.rabbit.app.R
com.rabbit.app.R$attr
com.rabbit.app.R$color
com.rabbit.app.R$drawable
com.rabbit.app.R$id
com.rabbit.app.R$layout
com.rabbit.app.R$string
com.rabbit.app.R$style
com.rabbit.app.RegisterActivity:
    public static final int REGION_SELECT
com.rabbit.app.util.ClassPathResource:
    6:6:public ClassPathResource()
    24:27:public static boolean isEmail(java.lang.String)
com.rabbit.app.view.SlideMenu:
    private static final java.lang.String TAG
    private int mMostRecentX
...
com.baidu.location.k
com.baidu.location.l:
    private java.lang.String V
    private final long Z
    private final int aa
    private long af
    private long[] ag
    private int ah
    private com.baidu.location.ag$a ai
    public static final java.lang.String bO
    private java.lang.String aj
    private int ak
    private boolean al
    private boolean am
    private boolean an
    private final int ap
    private long ar
    private int as
    private long at
    private long au
    com.baidu.location.l$c a
    java.lang.String U
    public l(android.content.Context)
    void a()
    private void a(boolean)
    private void b()
    public static void r()
    public boolean s()
    boolean a(double,double)
com.baidu.location.l$a:
    public l$a(com.baidu.location.l)
com.baidu.location.l$b
com.baidu.location.l$c
com.baidu.location.m
com.baidu.location.n
com.baidu.location.q:
    public java.lang.String bN()
com.baidu.location.s:
    public void for(com.baidu.location.BDLocation)
com.baidu.location.w
com.baidu.location.y:
    public static final int int
    private long m
    public long goto()
    public boolean byte()
    public long else()
    public void a(long)
    public int new()
com.baidu.location.z:
    public boolean do(com.baidu.location.au$b)
    public int try(com.baidu.location.BDLocation)
com.baidu.mapapi.SDKInitializer:
    public static final java.lang.String SDK_BROADTCAST_ACTION_STRING_PERMISSION_CHECK_ERROR
    public static final java.lang.String SDK_BROADCAST_ACTION_STRING_NETWORK_ERROR
    public static final java.lang.String SDK_BROADTCAST_INTENT_EXTRA_INFO_KEY_ERROR_CODE
    private SDKInitializer()
com.baidu.mapapi.VersionInfo:
    public static final java.lang.String VERSION_INFO
    public static final java.lang.String VERSION_DESC
    public VersionInfo()
    public static java.lang.String getVersionDesc()
com.baidu.mapapi.cloud.BaseCloudSearchInfo
com.baidu.mapapi.cloud.BaseSearchInfo
com.baidu.mapapi.cloud.BaseSearchResult
com.baidu.mapapi.cloud.BoundSearchInfo
com.baidu.mapapi.cloud.CloudListener
com.baidu.mapapi.cloud.CloudManager
com.baidu.mapapi.cloud.CloudPoiInfo
com.baidu.mapapi.cloud.CloudSearchResult
com.baidu.mapapi.cloud.DetailSearchInfo
com.baidu.mapapi.cloud.DetailSearchResult
com.baidu.mapapi.cloud.LocalSearchInfo
com.baidu.mapapi.cloud.NearbySearchInfo
com.baidu.mapapi.cloud.a
com.baidu.mapapi.map.Arc
com.baidu.mapapi.map.ArcOptions
com.baidu.mapapi.map.BaiduMap:
    public static final int MAP_TYPE_NORMAL
    public static final int MAP_TYPE_SATELLITE
    public final void clear()
    public final void setMapType(int)
    public final int getMapType()
    public final float getMaxZoomLevel()
    public final void setMaxAndMinZoomLevel(float,float)
    public final float getMinZoomLevel()
    public final com.baidu.mapapi.map.Projection getProjection()
    public final com.baidu.mapapi.map.UiSettings getUiSettings()
    public final void setBuildingsEnabled(boolean)
    public final boolean isBuildingsEnabled()
    public final com.baidu.mapapi.map.MyLocationData getLocationData()
    public final void setMyLocationConfigeration(com.baidu.mapapi.map.MyLocationConfiguration)
    public final com.baidu.mapapi.map.MyLocationConfiguration getLocationConfigeration()
    public void addHeatMap(com.baidu.mapapi.map.HeatMap)
    void a()
    public final void setBaiduHeatMapEnabled(boolean)
    public final boolean isBaiduHeatMapEnabled()
    public final boolean isSupportBaiduHeatMap()
    public final void setTrafficEnabled(boolean)
    public final boolean isTrafficEnabled()
    public final void snapshot(com.baidu.mapapi.map.BaiduMap$SnapshotReadyCallback)
    public void showInfoWindow(com.baidu.mapapi.map.InfoWindow)
    public void hideInfoWindow()
    public final void setOnMapStatusChangeListener(com.baidu.mapapi.map.BaiduMap$OnMapStatusChangeListener)